<?xml version="1.0" encoding="UTF-8"?>
<!-- Generated by org.testng.reporters.JUnitReportReporter -->
<testsuite hostname="DESKTOP-8G7EKM6" failures="0" tests="4" name="test.CheckOut" time="362.210" errors="0" timestamp="2024-07-30T11:38:39 IST" skipped="0">
  <testcase classname="test.CheckOut" name="CheckOutTest" time="86.869"/>
  <testcase classname="test.CheckOut" name="CheckOutTest" time="85.105"/>
  <testcase classname="test.CheckOut" name="CheckOutTest" time="98.831"/>
  <testcase classname="test.CheckOut" name="CheckOutTest" time="91.405"/>
</testsuite> <!-- test.CheckOut -->
