<?xml version="1.0" encoding="UTF-8"?>
<!-- Generated by org.testng.reporters.JUnitReportReporter -->
<testsuite hostname="DESKTOP-8G7EKM6" failures="0" tests="10" name="test.BottomLinks" time="362.964" errors="0" timestamp="2024-07-24T23:04:26 IST" skipped="0">
  <testcase classname="test.BottomLinks" name="StatePrivacyRights" time="53.493"/>
  <testcase classname="test.BottomLinks" name="DoNotSell" time="31.098"/>
  <testcase classname="test.BottomLinks" name="InterestBasedAds" time="32.007"/>
  <testcase classname="test.BottomLinks" name="CaSupplyChain" time="32.514"/>
  <testcase classname="test.BottomLinks" name="TargetAds" time="33.678"/>
  <testcase classname="test.BottomLinks" name="Accessibility" time="30.416"/>
  <testcase classname="test.BottomLinks" name="LimitUse" time="29.140"/>
  <testcase classname="test.BottomLinks" name="HealthDataPrivacy" time="34.121"/>
  <testcase classname="test.BottomLinks" name="Privacy" time="39.603"/>
  <testcase classname="test.BottomLinks" name="TermsAndConditions" time="46.894"/>
</testsuite> <!-- test.BottomLinks -->
