<?xml version="1.0" encoding="UTF-8"?>
<!-- Generated by org.testng.reporters.JUnitReportReporter -->
<testsuite hostname="DESKTOP-8G7EKM6" failures="0" tests="10" name="test.BottomLinks" time="426.700" errors="0" timestamp="2024-07-30T22:53:59 IST" skipped="0">
  <testcase classname="test.BottomLinks" name="LimitUse" time="47.735"/>
  <testcase classname="test.BottomLinks" name="Accessibility" time="44.885"/>
  <testcase classname="test.BottomLinks" name="StatePrivacyRights" time="34.859"/>
  <testcase classname="test.BottomLinks" name="DoNotSell" time="44.394"/>
  <testcase classname="test.BottomLinks" name="InterestBasedAds" time="46.608"/>
  <testcase classname="test.BottomLinks" name="TargetAds" time="31.027"/>
  <testcase classname="test.BottomLinks" name="Privacy" time="46.380"/>
  <testcase classname="test.BottomLinks" name="CaSupplyChain" time="55.802"/>
  <testcase classname="test.BottomLinks" name="TermsAndConditions" time="39.005"/>
  <testcase classname="test.BottomLinks" name="HealthDataPrivacy" time="36.005"/>
</testsuite> <!-- test.BottomLinks -->
