<?xml version="1.0" encoding="UTF-8"?>
<!-- Generated by org.testng.reporters.JUnitReportReporter -->
<testsuite hostname="DESKTOP-8G7EKM6" failures="0" tests="4" name="test.Login" time="192.481" errors="0" timestamp="2024-07-30T22:53:59 IST" skipped="0">
  <testcase classname="test.Login" name="Login" time="44.975"/>
  <testcase classname="test.Login" name="Login" time="45.778"/>
  <testcase classname="test.Login" name="Login" time="53.375"/>
  <testcase classname="test.Login" name="Login" time="48.353"/>
</testsuite> <!-- test.Login -->
