<?xml version="1.0" encoding="UTF-8"?>
<!-- Generated by org.testng.reporters.JUnitReportReporter -->
<testsuite hostname="DESKTOP-8G7EKM6" failures="0" tests="1" name="test.ShopByDepartment" time="59.301" errors="0" timestamp="2024-07-30T22:53:59 IST" skipped="0">
  <testcase classname="test.ShopByDepartment" name="ShopByDepttest" time="59.301"/>
</testsuite> <!-- test.ShopByDepartment -->
