<?xml version="1.0" encoding="UTF-8"?>
<!-- Generated by org.testng.reporters.JUnitReportReporter -->
<testsuite hostname="DESKTOP-8G7EKM6" failures="0" tests="1" name="test.ShopByBrands" time="66.558" errors="0" timestamp="2024-07-29T11:03:38 IST" skipped="0">
  <testcase classname="test.ShopByBrands" name="ShopByBrandsTest" time="66.558"/>
</testsuite> <!-- test.ShopByBrands -->
