<?xml version="1.0" encoding="UTF-8"?>
<!-- Generated by org.testng.reporters.JUnitReportReporter -->
<testsuite hostname="DESKTOP-8G7EKM6" failures="0" tests="2" name="test.SearchInput" time="91.752" errors="0" timestamp="2024-07-29T10:19:05 IST" skipped="0">
  <testcase classname="test.SearchInput" name="GoToCartTest" time="51.629"/>
  <testcase classname="test.SearchInput" name="GoToCartTest" time="40.123"/>
</testsuite> <!-- test.SearchInput -->
