<?xml version="1.0" encoding="UTF-8"?>
<!-- Generated by org.testng.reporters.JUnitReportReporter -->
<testsuite hostname="DESKTOP-8G7EKM6" failures="0" tests="1" name="test.AllMenu" time="66.287" errors="0" timestamp="2024-07-24T19:35:49 IST" skipped="0">
  <testcase classname="test.AllMenu" name="AllMenuValidation" time="66.287"/>
</testsuite> <!-- test.AllMenu -->
