<?xml version="1.0" encoding="UTF-8"?>
<!-- Generated by org.testng.reporters.JUnitReportReporter -->
<testsuite hostname="DESKTOP-8G7EKM6" failures="0" tests="1" name="test.AllMenu" time="79.649" errors="0" timestamp="2024-07-30T22:53:59 IST" skipped="0">
  <testcase classname="test.AllMenu" name="AllMenuValidation" time="79.649"/>
</testsuite> <!-- test.AllMenu -->
