<?xml version="1.0" encoding="UTF-8"?>
<!-- Generated by org.testng.reporters.JUnitReportReporter -->
<testsuite hostname="DESKTOP-8G7EKM6" failures="0" tests="6" name="test.TC001_Signup" time="256.660" errors="0" timestamp="2024-07-31T09:50:26 IST" skipped="0">
  <testcase classname="test.TC001_Signup" name="Account" time="35.296"/>
  <testcase classname="test.TC001_Signup" name="Account" time="43.955"/>
  <testcase classname="test.TC001_Signup" name="Account" time="38.792"/>
  <testcase classname="test.TC001_Signup" name="Account" time="44.187"/>
  <testcase classname="test.TC001_Signup" name="Account" time="45.566"/>
  <testcase classname="test.TC001_Signup" name="Account" time="48.864"/>
</testsuite> <!-- test.TC001_Signup -->
