<?xml version="1.0" encoding="UTF-8"?>
<!-- Generated by org.testng.reporters.JUnitReportReporter -->
<testsuite hostname="DESKTOP-8G7EKM6" failures="0" tests="4" name="test.Login" time="150.132" errors="0" timestamp="2024-07-24T13:34:10 IST" skipped="0">
  <testcase classname="test.Login" name="Login" time="37.672"/>
  <testcase classname="test.Login" name="Login" time="37.140"/>
  <testcase classname="test.Login" name="Login" time="37.080"/>
  <testcase classname="test.Login" name="Login" time="38.240"/>
</testsuite> <!-- test.Login -->
