<?xml version="1.0" encoding="UTF-8"?>
<!-- Generated by org.testng.reporters.JUnitReportReporter -->
<testsuite hostname="DESKTOP-8G7EKM6" failures="0" tests="8" name="test.TC005_SearchInput" time="388.518" errors="0" timestamp="2024-08-05T13:19:43 IST" skipped="0">
  <testcase classname="test.TC005_SearchInput" name="SearchInputTest" time="41.223"/>
  <testcase classname="test.TC005_SearchInput" name="GoToCartTest" time="68.539"/>
  <testcase classname="test.TC005_SearchInput" name="SelectMobileTest" time="38.846"/>
  <testcase classname="test.TC005_SearchInput" name="SearchInputTest" time="44.383"/>
  <testcase classname="test.TC005_SearchInput" name="SelectMobileTest" time="51.216"/>
  <testcase classname="test.TC005_SearchInput" name="AddToCartTest" time="46.882"/>
  <testcase classname="test.TC005_SearchInput" name="AddToCartTest" time="54.382"/>
  <testcase classname="test.TC005_SearchInput" name="GoToCartTest" time="43.047"/>
</testsuite> <!-- test.TC005_SearchInput -->
