<?xml version="1.0" encoding="UTF-8"?>
<!-- Generated by org.testng.reporters.JUnitReportReporter -->
<testsuite hostname="DESKTOP-8G7EKM6" failures="0" tests="7" name="test.AllMenu" time="352.904" errors="0" timestamp="2024-07-30T23:42:56 IST" skipped="0">
  <testcase classname="test.AllMenu" name="DealsOfTheDayValidation" time="55.584"/>
  <testcase classname="test.AllMenu" name="BackToSchoolValidation" time="47.088"/>
  <testcase classname="test.AllMenu" name="CreditCardsValidation" time="48.407"/>
  <testcase classname="test.AllMenu" name="BBSellsValidation" time="50.797"/>
  <testcase classname="test.AllMenu" name="TopDealsValidation" time="57.880"/>
  <testcase classname="test.AllMenu" name="MoreOptionsValidation" time="50.942"/>
  <testcase classname="test.AllMenu" name="BBMembershipsValidation" time="42.206"/>
</testsuite> <!-- test.AllMenu -->
