<?xml version="1.0" encoding="UTF-8"?>
<!-- Generated by org.testng.reporters.JUnitReportReporter -->
<testsuite hostname="DESKTOP-8G7EKM6" failures="0" tests="10" name="test.BottomLinks" time="406.232" errors="0" timestamp="2024-07-30T23:42:56 IST" skipped="0">
  <testcase classname="test.BottomLinks" name="DoNotSell" time="40.569"/>
  <testcase classname="test.BottomLinks" name="Privacy" time="36.787"/>
  <testcase classname="test.BottomLinks" name="CaSupplyChain" time="52.157"/>
  <testcase classname="test.BottomLinks" name="StatePrivacyRights" time="35.598"/>
  <testcase classname="test.BottomLinks" name="InterestBasedAds" time="43.310"/>
  <testcase classname="test.BottomLinks" name="Accessibility" time="50.459"/>
  <testcase classname="test.BottomLinks" name="TargetAds" time="32.163"/>
  <testcase classname="test.BottomLinks" name="LimitUse" time="45.975"/>
  <testcase classname="test.BottomLinks" name="TermsAndConditions" time="36.981"/>
  <testcase classname="test.BottomLinks" name="HealthDataPrivacy" time="32.233"/>
</testsuite> <!-- test.BottomLinks -->
