<?xml version="1.0" encoding="UTF-8"?>
<!-- Generated by org.testng.reporters.JUnitReportReporter -->
<testsuite hostname="DESKTOP-8G7EKM6" failures="0" tests="4" name="test.TC002_Login" time="186.462" errors="0" timestamp="2024-08-05T13:19:43 IST" skipped="0">
  <testcase classname="test.TC002_Login" name="Login" time="48.152"/>
  <testcase classname="test.TC002_Login" name="Login" time="44.218"/>
  <testcase classname="test.TC002_Login" name="Login" time="47.808"/>
  <testcase classname="test.TC002_Login" name="Login" time="46.284"/>
</testsuite> <!-- test.TC002_Login -->
