<?xml version="1.0" encoding="UTF-8"?>
<!-- Generated by org.testng.reporters.JUnitReportReporter -->
<testsuite hostname="DESKTOP-8G7EKM6" failures="0" tests="10" name="test.TC004_BottomLinks" time="409.766" errors="0" timestamp="2024-08-05T13:19:43 IST" skipped="0">
  <testcase classname="test.TC004_BottomLinks" name="Accessibility" time="39.631"/>
  <testcase classname="test.TC004_BottomLinks" name="DoNotSell" time="35.640"/>
  <testcase classname="test.TC004_BottomLinks" name="CaSupplyChain" time="51.252"/>
  <testcase classname="test.TC004_BottomLinks" name="TargetAds" time="37.780"/>
  <testcase classname="test.TC004_BottomLinks" name="TermsAndConditions" time="39.476"/>
  <testcase classname="test.TC004_BottomLinks" name="StatePrivacyRights" time="46.759"/>
  <testcase classname="test.TC004_BottomLinks" name="HealthDataPrivacy" time="41.877"/>
  <testcase classname="test.TC004_BottomLinks" name="LimitUse" time="42.423"/>
  <testcase classname="test.TC004_BottomLinks" name="Privacy" time="36.880"/>
  <testcase classname="test.TC004_BottomLinks" name="InterestBasedAds" time="38.048"/>
</testsuite> <!-- test.TC004_BottomLinks -->
