<?xml version="1.0" encoding="UTF-8"?>
<!-- Generated by org.testng.reporters.JUnitReportReporter -->
<testsuite hostname="DESKTOP-8G7EKM6" failures="0" tests="7" name="test.TC003_AllMenu" time="319.309" errors="0" timestamp="2024-08-05T13:19:43 IST" skipped="0">
  <testcase classname="test.TC003_AllMenu" name="DealsOfTheDayValidation" time="42.439"/>
  <testcase classname="test.TC003_AllMenu" name="BBMembershipsValidation" time="50.420"/>
  <testcase classname="test.TC003_AllMenu" name="TopDealsValidation" time="37.365"/>
  <testcase classname="test.TC003_AllMenu" name="MoreOptionsValidation" time="46.876"/>
  <testcase classname="test.TC003_AllMenu" name="BBSellsValidation" time="45.423"/>
  <testcase classname="test.TC003_AllMenu" name="BackToSchoolValidation" time="47.604"/>
  <testcase classname="test.TC003_AllMenu" name="CreditCardsValidation" time="49.182"/>
</testsuite> <!-- test.TC003_AllMenu -->
