<?xml version="1.0" encoding="UTF-8"?>
<!-- Generated by org.testng.reporters.JUnitReportReporter -->
<testsuite hostname="DESKTOP-8G7EKM6" failures="0" tests="4" name="test.Login" time="168.881" errors="0" timestamp="2024-07-30T23:42:56 IST" skipped="0">
  <testcase classname="test.Login" name="Login" time="44.793"/>
  <testcase classname="test.Login" name="Login" time="41.950"/>
  <testcase classname="test.Login" name="Login" time="41.067"/>
  <testcase classname="test.Login" name="Login" time="41.071"/>
</testsuite> <!-- test.Login -->
